<?xml version="1.0" encoding="UTF-8"?>
<testsuite xmlns:xsi="http://www.w3.org/2001/XMLSchema-instance" xsi:noNamespaceSchemaLocation="https://maven.apache.org/surefire/maven-surefire-plugin/xsd/surefire-test-report.xsd" version="3.0.2" name="com.example.catalogservice.CatalogServiceApplicationTests" time="1.229" tests="6" errors="0" skipped="0" failures="0">
  <properties>
[...]
</properties>
  <testcase name="testGetAllBooks" classname="com.example.catalogservice.CatalogServiceApplicationTests" time="1.142"/>
  <testcase name="testUpdateBook" classname="com.example.catalogservice.CatalogServiceApplicationTests" time="0.008"/>
  <testcase name="testGetBook_Found" classname="com.example.catalogservice.CatalogServiceApplicationTests" time="0.011"/>
  <testcase name="testGetBook_NotFound" classname="com.example.catalogservice.CatalogServiceApplicationTests" time="0.003"/>
  <testcase name="testDeleteBook" classname="com.example.catalogservice.CatalogServiceApplicationTests" time="0.021"/>
  <testcase name="testCreate_NewBook" classname="com.example.catalogservice.CatalogServiceApplicationTests" time="0.014"/>
</testsuite>